<?xml version="1.0" encoding="UTF-8"?>
<!-- Generated by org.testng.reporters.JUnitReportReporter -->
<testsuite hostname="EXIPC0202" failures="0" tests="2" name="WRH_Message.Message" time="37.263" errors="0" timestamp="2022-02-05T22:49:58 IST" skipped="0">
  <testcase classname="WRH_Message.Message" name="Message" time="18.988"/>
  <system-out/>
  <testcase classname="WRH_Message.Message" name="intialized" time="18.275"/>
  <system-out/>
</testsuite> <!-- WRH_Message.Message -->
