<?xml version="1.0" encoding="UTF-8"?>
<!-- Generated by org.testng.reporters.JUnitReportReporter -->
<testsuite hostname="EXIPC0202" failures="0" tests="2" name="WRH_Message.My_Document" time="29.247" errors="0" timestamp="2022-02-05T23:38:55 IST" skipped="0">
  <testcase classname="WRH_Message.My_Document" name="Document" time="2.466"/>
  <system-out/>
  <testcase classname="WRH_Message.My_Document" name="intialized" time="26.781"/>
  <system-out/>
</testsuite> <!-- WRH_Message.My_Document -->
