<?xml version="1.0" encoding="UTF-8"?>
<!-- Generated by org.testng.reporters.JUnitReportReporter -->
<testsuite hostname="EXIPC0202" failures="0" tests="2" name="WRH_Message.My_Account" time="37.921" errors="0" timestamp="2022-02-08T13:23:20 IST" skipped="0">
  <testcase classname="WRH_Message.My_Account" name="Accpunt" time="12.045"/>
  <system-out/>
  <testcase classname="WRH_Message.My_Account" name="intialized" time="25.876"/>
  <system-out/>
</testsuite> <!-- WRH_Message.My_Account -->
